[debug] [2023-08-08T06:33:53.727Z] ----------------------------------------------------------------------
[debug] [2023-08-08T06:33:53.729Z] Command:       C:\Program Files\nodejs\node.exe C:\Program Files\nodejs\node_modules\firebase-tools\lib\bin\firebase.js projects:create
[debug] [2023-08-08T06:33:53.729Z] CLI Version:   12.4.7
[debug] [2023-08-08T06:33:53.730Z] Platform:      win32
[debug] [2023-08-08T06:33:53.730Z] Node Version:  v17.0.0
[debug] [2023-08-08T06:33:53.731Z] Time:          Tue Aug 08 2023 11:33:53 GMT+0500 (Pakistan Standard Time)
[debug] [2023-08-08T06:33:53.731Z] ----------------------------------------------------------------------
[debug] 
[debug] [2023-08-08T06:33:53.739Z] > command requires scopes: ["email","openid","https://www.googleapis.com/auth/cloudplatformprojects.readonly","https://www.googleapis.com/auth/firebase","https://www.googleapis.com/auth/cloud-platform"]
[debug] [2023-08-08T06:33:53.739Z] > authorizing via signed-in user (tabishansari183@gmail.com)
[debug] [2023-08-08T06:34:27.179Z] >>> [apiv2][query] POST https://cloudresourcemanager.googleapis.com/v1/projects [none]
[debug] [2023-08-08T06:34:27.179Z] >>> [apiv2][body] POST https://cloudresourcemanager.googleapis.com/v1/projects {"projectId":"MyTodoApp","name":"MyTodoApp3241"}
[debug] [2023-08-08T06:34:28.980Z] <<< [apiv2][status] POST https://cloudresourcemanager.googleapis.com/v1/projects 400
[debug] [2023-08-08T06:34:28.981Z] <<< [apiv2][body] POST https://cloudresourcemanager.googleapis.com/v1/projects {"error":{"code":400,"message":"field [project_id] has issue [project_id contains invalid characters]","status":"INVALID_ARGUMENT","details":[{"@type":"type.googleapis.com/google.rpc.BadRequest","fieldViolations":[{"field":"project_id","description":"project_id contains invalid characters"}]},{"@type":"type.googleapis.com/google.rpc.Help","links":[{"url":"https://cloud.google.com/resource-manager/reference/rest/v1/projects"}]}]}}
[debug] [2023-08-08T06:34:28.985Z] FirebaseError: HTTP Error: 400, field [project_id] has issue [project_id contains invalid characters]
    at responseToError (C:\Users\mhamm\AppData\Roaming\nvm\v17.0.0\node_modules\firebase-tools\lib\responseToError.js:49:12)
    at RetryOperation._fn (C:\Users\mhamm\AppData\Roaming\nvm\v17.0.0\node_modules\firebase-tools\lib\apiv2.js:285:77)
    at processTicksAndRejections (node:internal/process/task_queues:96:5)
[error] 
[error] Error: Failed to create project. See firebase-debug.log for more info.
